SF:lib/features/genre_list/data/dtos/genre_dto.dart
DA:11,2
DA:18,1
DA:19,1
LF:3
LH:3
end_of_record
SF:lib/features/genre_list/data/dtos/genre_dto.g.dart
DA:13,0
DA:15,0
DA:16,0
DA:17,0
DA:19,0
DA:20,0
DA:21,0
DA:25,0
DA:28,0
DA:29,0
DA:30,0
DA:31,0
DA:32,0
DA:35,0
DA:36,0
DA:38,0
DA:41,0
DA:42,0
DA:43,0
DA:50,1
DA:51,1
DA:52,1
DA:53,1
DA:56,0
DA:57,0
DA:58,0
DA:59,0
LF:27
LH:4
end_of_record
SF:lib/core/api/api_config.dart
DA:16,0
DA:17,0
LF:2
LH:0
end_of_record
SF:lib/features/detail_actor/domain/entity/detail_actor_entity.dart
DA:13,3
DA:23,0
DA:28,0
DA:31,1
DA:33,8
LF:5
LH:3
end_of_record
SF:lib/features/detail_actor/data/data_sources/local/detail_actor_local_datasource_impl.dart
DA:11,0
DA:15,0
DA:17,0
DA:20,0
DA:22,0
DA:25,0
DA:27,0
DA:29,0
DA:30,0
DA:32,0
LF:10
LH:0
end_of_record
SF:lib/features/detail_actor/data/dtos/detail_actor/detail_actor_dto.dart
DA:31,1
DA:32,1
LF:2
LH:2
end_of_record
SF:lib/features/detail_actor/data/dtos/detail_actor/detail_actor_dto.g.dart
DA:13,0
DA:15,0
DA:16,0
DA:17,0
DA:19,0
DA:20,0
DA:21,0
DA:22,0
DA:23,0
DA:24,0
DA:25,0
DA:26,0
DA:30,0
DA:33,0
DA:34,0
DA:35,0
DA:36,0
DA:37,0
DA:38,0
DA:39,0
DA:40,0
DA:41,0
DA:42,0
DA:43,0
DA:44,0
DA:45,0
DA:46,0
DA:47,0
DA:50,0
DA:51,0
DA:53,0
DA:56,0
DA:57,0
DA:58,0
DA:65,1
DA:66,1
DA:67,1
DA:68,1
DA:69,1
DA:70,1
DA:71,1
DA:72,1
DA:73,1
DA:74,0
DA:75,0
DA:76,1
DA:79,0
DA:81,0
DA:82,0
DA:83,0
DA:84,0
DA:85,0
DA:86,0
DA:87,0
DA:88,0
LF:55
LH:10
end_of_record
SF:lib/features/detail_actor/data/mappers/detail_actor_mapper.dart
DA:8,1
DA:11,1
DA:12,1
DA:13,1
DA:15,1
DA:16,2
DA:17,3
DA:18,2
DA:20,2
DA:21,1
DA:22,1
DA:27,0
DA:28,0
DA:29,0
DA:30,0
DA:31,0
DA:32,0
DA:33,0
DA:34,0
DA:35,0
DA:36,0
DA:37,0
LF:22
LH:11
end_of_record
SF:lib/features/movie/data/mappers/movie_mapper.dart
DA:7,0
DA:10,0
DA:11,0
DA:12,0
DA:13,0
DA:14,0
DA:15,0
DA:16,0
DA:18,0
DA:19,0
DA:20,0
DA:21,0
DA:22,0
DA:23,0
DA:29,0
DA:30,0
DA:31,0
DA:33,0
DA:34,0
DA:35,0
DA:36,0
DA:37,0
DA:38,0
DA:39,0
DA:41,0
LF:25
LH:0
end_of_record
SF:lib/features/movie/domain/entity/movie.dart
DA:17,8
DA:31,0
DA:33,0
DA:35,0
DA:36,0
DA:37,0
DA:38,0
DA:39,0
DA:40,0
DA:41,0
DA:42,0
DA:43,0
DA:44,0
DA:45,0
LF:14
LH:1
end_of_record
SF:lib/features/detail_actor/data/data_sources/remote/detail_actor_remote_datasource_impl.dart
DA:16,0
DA:20,0
DA:23,0
DA:25,0
DA:26,0
DA:28,0
DA:30,0
DA:33,0
DA:34,0
DA:38,0
DA:43,0
DA:45,0
DA:46,0
DA:47,0
DA:49,0
DA:50,0
DA:51,0
DA:53,0
DA:56,0
DA:57,0
LF:20
LH:0
end_of_record
SF:lib/features/movie/data/dtos/movie/movie_dto.dart
DA:10,0
DA:45,0
DA:46,0
LF:3
LH:0
end_of_record
SF:lib/features/movie/data/dtos/movie/movie_dto.g.dart
DA:13,0
DA:15,0
DA:16,0
DA:17,0
DA:19,0
DA:20,0
DA:21,0
DA:22,0
DA:23,0
DA:24,0
DA:25,0
DA:26,0
DA:27,0
DA:28,0
DA:29,0
DA:30,0
DA:34,0
DA:37,0
DA:38,0
DA:39,0
DA:40,0
DA:41,0
DA:42,0
DA:43,0
DA:44,0
DA:45,0
DA:46,0
DA:47,0
DA:48,0
DA:49,0
DA:50,0
DA:51,0
DA:52,0
DA:53,0
DA:54,0
DA:55,0
DA:56,0
DA:57,0
DA:58,0
DA:59,0
DA:62,0
DA:63,0
DA:65,0
DA:68,0
DA:69,0
DA:70,0
DA:77,0
DA:78,0
DA:79,0
DA:80,0
DA:81,0
DA:82,0
DA:83,0
DA:84,0
DA:85,0
DA:86,0
DA:87,0
DA:88,0
DA:89,0
DA:90,0
DA:91,0
DA:92,0
DA:95,0
DA:96,0
DA:97,0
DA:98,0
DA:99,0
DA:100,0
DA:101,0
DA:102,0
DA:103,0
DA:104,0
DA:105,0
DA:106,0
DA:107,0
LF:75
LH:0
end_of_record
SF:lib/features/detail_actor/domain/repository/detail_actor_repository_impl.dart
DA:12,1
DA:18,1
DA:23,2
DA:24,1
DA:30,1
DA:35,2
DA:36,1
DA:42,1
DA:47,2
DA:48,1
DA:49,1
DA:55,1
DA:60,2
DA:61,1
LF:14
LH:14
end_of_record
SF:lib/features/genre_list/domain/entity/genre_entity.dart
DA:7,11
DA:12,1
DA:14,1
DA:15,3
LF:4
LH:4
end_of_record
SF:lib/features/genre_list/data/data_source/local/genre_local_datasource_impl.dart
DA:10,0
DA:14,0
DA:16,0
DA:19,0
DA:21,0
DA:22,0
DA:23,0
DA:26,0
DA:30,0
DA:32,0
DA:36,0
DA:40,0
DA:41,0
DA:44,0
DA:46,0
DA:47,0
DA:48,0
DA:49,0
DA:50,0
DA:51,0
LF:20
LH:0
end_of_record
SF:lib/features/genre_list/data/mappers/genre_mappers.dart
DA:5,2
DA:6,1
DA:7,1
DA:12,0
DA:13,0
DA:14,0
LF:6
LH:3
end_of_record
SF:lib/features/genre_list/data/data_source/remote/genre_remote_datasource_impl.dart
DA:11,0
DA:16,0
DA:19,0
DA:22,0
DA:23,0
DA:25,0
DA:26,0
DA:27,0
DA:28,0
DA:29,0
DA:32,0
DA:34,0
DA:38,0
DA:39,0
DA:43,0
DA:46,0
DA:49,0
DA:50,0
DA:52,0
DA:53,0
DA:54,0
DA:56,0
DA:57,0
DA:59,0
DA:60,0
DA:64,0
DA:66,0
DA:70,0
DA:71,0
LF:29
LH:0
end_of_record
SF:lib/features/genre_list/domain/repositories/genre_repository_impl.dart
DA:13,1
DA:18,0
DA:21,0
DA:23,0
DA:27,1
DA:31,1
DA:32,1
DA:33,0
DA:34,0
DA:35,0
DA:36,0
DA:38,1
DA:39,2
DA:43,1
DA:45,0
DA:49,0
DA:55,0
DA:56,0
DA:57,0
DA:58,0
DA:60,0
DA:64,0
DA:66,0
DA:70,0
DA:75,0
DA:76,0
DA:82,1
DA:85,2
DA:86,1
DA:88,0
DA:93,0
DA:98,0
DA:99,0
DA:101,0
LF:34
LH:10
end_of_record
SF:lib/features/genre_list/presentation/cubit/genre_list_cubit.dart
DA:12,1
DA:15,1
DA:18,1
DA:19,3
DA:20,4
DA:22,2
DA:23,1
DA:24,2
DA:25,3
DA:27,1
DA:31,1
DA:32,1
DA:33,3
DA:35,3
LF:14
LH:14
end_of_record
SF:lib/features/detail_actor/presentation/cubit/detail_actor_cubit.dart
DA:13,1
DA:15,2
DA:17,1
DA:18,3
DA:19,4
DA:21,2
DA:22,1
DA:23,2
DA:24,3
DA:29,1
DA:30,1
DA:31,3
LF:12
LH:12
end_of_record
